app/build/intermediates/manifest_merge_blame_file/debug/manifest-merger-blame-debug-report.txt
1<?xml version="1.0" encoding="utf-8"?>
2<manifest xmlns:android="http://schemas.android.com/apk/res/android"
3    package="com.advantech.nfcsampleapp"
4    android:versionCode="1"
5    android:versionName="1.0" >
6
7    <uses-sdk
8        android:minSdkVersion="21"
8-->src/main/AndroidManifest.xml
9        android:targetSdkVersion="32" />
9-->src/main/AndroidManifest.xml
10    <!-- normal permission for NFC Tag -->
11    <uses-permission android:name="android.permission.NFC" />
11-->src/main/AndroidManifest.xml:6:5-62
11-->src/main/AndroidManifest.xml:6:22-59
12    <!-- hardware requirement for NFC -->
13    <uses-feature
13-->src/main/AndroidManifest.xml:8:5-81
14        android:name="android.hardware.nfc"
14-->src/main/AndroidManifest.xml:8:19-54
15        android:required="true" />
15-->src/main/AndroidManifest.xml:8:55-78
16
17    <application
17-->src/main/AndroidManifest.xml:10:5-43:19
18        android:allowBackup="true"
18-->src/main/AndroidManifest.xml:11:9-35
19        android:appComponentFactory="androidx.core.app.CoreComponentFactory"
19-->[androidx.core:core:1.3.1] AndroidManifest.xml:24:18-86
20        android:dataExtractionRules="@xml/data_extraction_rules"
20-->src/main/AndroidManifest.xml:12:9-65
21        android:debuggable="true"
22        android:fullBackupContent="@xml/backup_rules"
22-->src/main/AndroidManifest.xml:13:9-54
23        android:icon="@mipmap/ic_launcher"
23-->src/main/AndroidManifest.xml:14:9-43
24        android:label="@string/app_name"
24-->src/main/AndroidManifest.xml:15:9-41
25        android:roundIcon="@mipmap/ic_launcher_round"
25-->src/main/AndroidManifest.xml:16:9-54
26        android:supportsRtl="true"
26-->src/main/AndroidManifest.xml:17:9-35
27        android:testOnly="true"
28        android:theme="@style/Theme.NFCSampleApp" >
28-->src/main/AndroidManifest.xml:18:9-50
29        <activity
29-->src/main/AndroidManifest.xml:20:9-30:20
30            android:name="com.advantech.nfcsampleapp.PinActivity"
30-->src/main/AndroidManifest.xml:21:13-40
31            android:exported="true" >
31-->src/main/AndroidManifest.xml:22:13-36
32
33            <!-- intent filters indicate that this app can process NFC tags -->
34            <intent-filter>
34-->src/main/AndroidManifest.xml:25:13-29:29
35                <action android:name="android.nfc.action.TECH_DISCOVERED" />
35-->src/main/AndroidManifest.xml:26:17-77
35-->src/main/AndroidManifest.xml:26:25-74
36                <action android:name="android.nfc.action.NDEF_DISCOVERED" />
36-->src/main/AndroidManifest.xml:27:17-77
36-->src/main/AndroidManifest.xml:27:25-74
37                <action android:name="android.nfc.action.TAG_DISCOVERED" />
37-->src/main/AndroidManifest.xml:28:17-76
37-->src/main/AndroidManifest.xml:28:25-73
38            </intent-filter>
39        </activity>
40        <activity
40-->src/main/AndroidManifest.xml:31:9-42:20
41            android:name="com.advantech.nfcsampleapp.MainActivity"
41-->src/main/AndroidManifest.xml:32:13-41
42            android:exported="true" >
42-->src/main/AndroidManifest.xml:33:13-36
43            <intent-filter>
43-->src/main/AndroidManifest.xml:34:13-41:29
44                <action android:name="android.intent.action.MAIN" />
44-->src/main/AndroidManifest.xml:35:17-69
44-->src/main/AndroidManifest.xml:35:25-66
45
46                <category android:name="android.intent.category.LAUNCHER" />
46-->src/main/AndroidManifest.xml:36:17-77
46-->src/main/AndroidManifest.xml:36:27-74
47                <!-- intent filters indicate that this app can process NFC tags -->
48                <action android:name="android.nfc.action.TECH_DISCOVERED" />
48-->src/main/AndroidManifest.xml:26:17-77
48-->src/main/AndroidManifest.xml:26:25-74
49                <action android:name="android.nfc.action.NDEF_DISCOVERED" />
49-->src/main/AndroidManifest.xml:27:17-77
49-->src/main/AndroidManifest.xml:27:25-74
50                <action android:name="android.nfc.action.TAG_DISCOVERED" />
50-->src/main/AndroidManifest.xml:28:17-76
50-->src/main/AndroidManifest.xml:28:25-73
51            </intent-filter>
52        </activity>
53    </application>
54
55</manifest>